2021-09-20 01:47:43,120 DEBUG [-] e.m.Application:22 - Sardaarji --> 9.5
2021-09-20 01:47:43,125 DEBUG [-] e.m.Application:22 - Karachi se Lahore --> 8.0
2021-09-20 01:47:43,126 DEBUG [-] e.m.Application:22 - Me You and Five Bucks --> 10.0
2021-09-20 01:47:43,126 DEBUG [-] e.m.Application:22 - Straight Outta Compton --> 7.7
2021-09-20 01:47:43,126 DEBUG [-] e.m.Application:22 - Inside Out --> 8.0
2021-09-20 01:47:43,126 DEBUG [-] e.m.Application:22 - Spotlight --> 7.8
2021-09-20 01:47:43,126 DEBUG [-] e.m.Application:22 - The Martian --> 7.6
2021-09-20 01:47:43,126 DEBUG [-] e.m.Application:22 - Room --> 8.1
2021-09-20 01:47:43,126 DEBUG [-] e.m.Application:22 - Counting --> 8.3
2021-09-20 01:47:43,127 DEBUG [-] e.m.Application:22 - The Second Mother --> 7.8
2021-09-20 01:52:27,140 DEBUG [-] e.m.Application:22 - Counting --> 8.3
2021-09-20 01:52:27,145 DEBUG [-] e.m.Application:22 - Inside Out --> 8.0
2021-09-20 01:52:27,146 DEBUG [-] e.m.Application:22 - Karachi se Lahore --> 8.0
2021-09-20 01:52:27,146 DEBUG [-] e.m.Application:22 - Me You and Five Bucks --> 10.0
2021-09-20 01:52:27,146 DEBUG [-] e.m.Application:22 - Room --> 8.1
2021-09-20 01:52:27,146 DEBUG [-] e.m.Application:22 - Sardaarji --> 9.5
2021-09-20 01:52:27,146 DEBUG [-] e.m.Application:22 - Spotlight --> 7.8
2021-09-20 01:52:27,146 DEBUG [-] e.m.Application:22 - Straight Outta Compton --> 7.7
2021-09-20 01:52:27,146 DEBUG [-] e.m.Application:22 - The Martian --> 7.6
2021-09-20 01:52:27,146 DEBUG [-] e.m.Application:22 - The Second Mother --> 7.8
2021-09-20 01:53:58,476 DEBUG [-] e.m.Application:22 - Heroes of Dirt --> 0.0
2021-09-20 01:53:58,480 DEBUG [-] e.m.Application:22 - Mi America --> 0.0
2021-09-20 01:53:58,481 DEBUG [-] e.m.Application:22 - Running Forever --> 0.0
2021-09-20 01:53:58,481 DEBUG [-] e.m.Application:22 - Sharkskin --> 0.0
2021-09-20 01:53:58,481 DEBUG [-] e.m.Application:22 - The Algerian --> 0.0
2021-09-20 01:53:58,481 DEBUG [-] e.m.Application:22 - The World Is Mine --> 0.0
2021-09-20 01:53:58,481 DEBUG [-] e.m.Application:22 - Theresa Is a Mother --> 0.0
2021-09-20 01:53:58,481 DEBUG [-] e.m.Application:22 - Time to Choose --> 0.0
2021-09-20 01:53:58,481 DEBUG [-] e.m.Application:22 - To Be Frank, Sinatra at 100 --> 0.0
2021-09-20 01:53:58,481 DEBUG [-] e.m.Application:22 - Western Religion --> 0.0
2021-09-20 01:54:48,900 DEBUG [-] e.m.Application:22 - Counting --> 8.3
2021-09-20 01:54:48,906 DEBUG [-] e.m.Application:22 - Inside Out --> 8.0
2021-09-20 01:54:48,907 DEBUG [-] e.m.Application:22 - Karachi se Lahore --> 8.0
2021-09-20 01:54:48,907 DEBUG [-] e.m.Application:22 - Me You and Five Bucks --> 10.0
2021-09-20 01:54:48,907 DEBUG [-] e.m.Application:22 - Room --> 8.1
2021-09-20 01:54:48,907 DEBUG [-] e.m.Application:22 - Sardaarji --> 9.5
2021-09-20 01:54:48,907 DEBUG [-] e.m.Application:22 - Spotlight --> 7.8
2021-09-20 01:54:48,907 DEBUG [-] e.m.Application:22 - Straight Outta Compton --> 7.7
2021-09-20 01:54:48,907 DEBUG [-] e.m.Application:22 - The Martian --> 7.6
2021-09-20 01:54:48,907 DEBUG [-] e.m.Application:22 - The Second Mother --> 7.8
2021-09-20 01:55:19,877 DEBUG [-] e.m.Application:22 - Counting --> 8.3
2021-09-20 01:55:19,884 DEBUG [-] e.m.Application:22 - Inside Out --> 8.0
2021-09-20 01:55:19,884 DEBUG [-] e.m.Application:22 - Karachi se Lahore --> 8.0
2021-09-20 01:55:19,884 DEBUG [-] e.m.Application:22 - Me You and Five Bucks --> 10.0
2021-09-20 01:55:19,884 DEBUG [-] e.m.Application:22 - Room --> 8.1
2021-09-20 01:55:19,885 DEBUG [-] e.m.Application:22 - Sardaarji --> 9.5
2021-09-20 01:55:19,885 DEBUG [-] e.m.Application:22 - Spotlight --> 7.8
2021-09-20 01:55:19,885 DEBUG [-] e.m.Application:22 - Straight Outta Compton --> 7.7
2021-09-20 01:55:19,885 DEBUG [-] e.m.Application:22 - The Martian --> 7.6
2021-09-20 01:55:19,885 DEBUG [-] e.m.Application:22 - The Second Mother --> 7.8
2021-09-20 01:55:47,755 DEBUG [-] e.m.Application:22 - Counting --> 8.3
2021-09-20 01:55:47,760 DEBUG [-] e.m.Application:22 - Inside Out --> 8.0
2021-09-20 01:55:47,761 DEBUG [-] e.m.Application:22 - Karachi se Lahore --> 8.0
2021-09-20 01:55:47,761 DEBUG [-] e.m.Application:22 - Me You and Five Bucks --> 10.0
2021-09-20 01:55:47,761 DEBUG [-] e.m.Application:22 - Room --> 8.1
2021-09-20 01:55:47,761 DEBUG [-] e.m.Application:22 - Sardaarji --> 9.5
2021-09-20 01:55:47,761 DEBUG [-] e.m.Application:22 - Spotlight --> 7.8
2021-09-20 01:55:47,761 DEBUG [-] e.m.Application:22 - Straight Outta Compton --> 7.7
2021-09-20 01:55:47,761 DEBUG [-] e.m.Application:22 - The Martian --> 7.6
2021-09-20 01:55:47,761 DEBUG [-] e.m.Application:22 - The Second Mother --> 7.8
2021-09-20 01:59:08,032 DEBUG [-] e.m.Application:22 - Counting --> 8.3
2021-09-20 01:59:08,040 DEBUG [-] e.m.Application:22 - Inside Out --> 8.0
2021-09-20 01:59:08,042 DEBUG [-] e.m.Application:22 - Karachi se Lahore --> 8.0
2021-09-20 01:59:08,042 DEBUG [-] e.m.Application:22 - Me You and Five Bucks --> 10.0
2021-09-20 01:59:08,042 DEBUG [-] e.m.Application:22 - Room --> 8.1
2021-09-20 01:59:08,043 DEBUG [-] e.m.Application:22 - Sardaarji --> 9.5
2021-09-20 01:59:08,043 DEBUG [-] e.m.Application:22 - Spotlight --> 7.8
2021-09-20 01:59:08,043 DEBUG [-] e.m.Application:22 - Straight Outta Compton --> 7.7
2021-09-20 01:59:08,043 DEBUG [-] e.m.Application:22 - The Martian --> 7.6
2021-09-20 01:59:08,043 DEBUG [-] e.m.Application:22 - The Second Mother --> 7.8
2021-09-20 02:00:17,186 DEBUG [-] e.m.Application:22 - Sardaarji --> 9.5
2021-09-20 02:00:17,191 DEBUG [-] e.m.Application:22 - Karachi se Lahore --> 8.0
2021-09-20 02:00:17,192 DEBUG [-] e.m.Application:22 - Me You and Five Bucks --> 10.0
2021-09-20 02:00:17,192 DEBUG [-] e.m.Application:22 - Straight Outta Compton --> 7.7
2021-09-20 02:00:17,192 DEBUG [-] e.m.Application:22 - Inside Out --> 8.0
2021-09-20 02:00:17,192 DEBUG [-] e.m.Application:22 - Spotlight --> 7.8
2021-09-20 02:00:17,192 DEBUG [-] e.m.Application:22 - The Martian --> 7.6
2021-09-20 02:00:17,192 DEBUG [-] e.m.Application:22 - Room --> 8.1
2021-09-20 02:00:17,192 DEBUG [-] e.m.Application:22 - Counting --> 8.3
2021-09-20 02:00:17,192 DEBUG [-] e.m.Application:22 - The Second Mother --> 7.8
2021-09-20 02:00:47,214 DEBUG [-] e.m.Application:22 - Heroes of Dirt --> 0.0
2021-09-20 02:00:47,219 DEBUG [-] e.m.Application:22 - Mi America --> 0.0
2021-09-20 02:00:47,219 DEBUG [-] e.m.Application:22 - Running Forever --> 0.0
2021-09-20 02:00:47,219 DEBUG [-] e.m.Application:22 - The Algerian --> 0.0
2021-09-20 02:00:47,219 DEBUG [-] e.m.Application:22 - Time to Choose --> 0.0
2021-09-20 02:00:47,219 DEBUG [-] e.m.Application:22 - Western Religion --> 0.0
2021-09-20 02:00:47,219 DEBUG [-] e.m.Application:22 - Sharkskin --> 0.0
2021-09-20 02:00:47,219 DEBUG [-] e.m.Application:22 - The World Is Mine --> 0.0
2021-09-20 02:00:47,219 DEBUG [-] e.m.Application:22 - To Be Frank, Sinatra at 100 --> 0.0
2021-09-20 02:00:47,219 DEBUG [-] e.m.Application:22 - Theresa Is a Mother --> 0.0
2021-09-20 02:01:04,220 DEBUG [-] e.m.Application:22 - Sardaarji --> 9.5
2021-09-20 02:01:04,225 DEBUG [-] e.m.Application:22 - Karachi se Lahore --> 8.0
2021-09-20 02:01:04,226 DEBUG [-] e.m.Application:22 - Me You and Five Bucks --> 10.0
2021-09-20 02:01:04,226 DEBUG [-] e.m.Application:22 - Straight Outta Compton --> 7.7
2021-09-20 02:01:04,226 DEBUG [-] e.m.Application:22 - Inside Out --> 8.0
2021-09-20 02:01:04,226 DEBUG [-] e.m.Application:22 - Spotlight --> 7.8
2021-09-20 02:01:04,226 DEBUG [-] e.m.Application:22 - The Martian --> 7.6
2021-09-20 02:01:04,226 DEBUG [-] e.m.Application:22 - Room --> 8.1
2021-09-20 02:01:04,226 DEBUG [-] e.m.Application:22 - Counting --> 8.3
2021-09-20 02:01:04,226 DEBUG [-] e.m.Application:22 - The Second Mother --> 7.8
2021-09-20 02:09:35,139 DEBUG [-] e.m.Application:22 - Sardaarji --> 9.5
2021-09-20 02:09:35,144 DEBUG [-] e.m.Application:22 - Karachi se Lahore --> 8.0
2021-09-20 02:09:35,144 DEBUG [-] e.m.Application:22 - Me You and Five Bucks --> 10.0
2021-09-20 02:09:35,144 DEBUG [-] e.m.Application:22 - Straight Outta Compton --> 7.7
2021-09-20 02:09:35,144 DEBUG [-] e.m.Application:22 - Inside Out --> 8.0
2021-09-20 02:09:35,144 DEBUG [-] e.m.Application:22 - Spotlight --> 7.8
2021-09-20 02:09:35,144 DEBUG [-] e.m.Application:22 - The Martian --> 7.6
2021-09-20 02:09:35,144 DEBUG [-] e.m.Application:22 - Room --> 8.1
2021-09-20 02:09:35,144 DEBUG [-] e.m.Application:22 - Counting --> 8.3
2021-09-20 02:09:35,145 DEBUG [-] e.m.Application:22 - The Second Mother --> 7.8
2021-09-20 02:10:03,102 DEBUG [-] e.m.Application:22 - Sardaarji --> 9.5
2021-09-20 02:10:03,109 DEBUG [-] e.m.Application:22 - Karachi se Lahore --> 8.0
2021-09-20 02:10:03,109 DEBUG [-] e.m.Application:22 - Me You and Five Bucks --> 10.0
2021-09-20 02:10:03,109 DEBUG [-] e.m.Application:22 - Straight Outta Compton --> 7.7
2021-09-20 02:10:03,109 DEBUG [-] e.m.Application:22 - Inside Out --> 8.0
2021-09-20 02:10:03,110 DEBUG [-] e.m.Application:22 - Spotlight --> 7.8
2021-09-20 02:10:03,110 DEBUG [-] e.m.Application:22 - The Martian --> 7.6
2021-09-20 02:10:03,110 DEBUG [-] e.m.Application:22 - Room --> 8.1
2021-09-20 02:10:03,110 DEBUG [-] e.m.Application:22 - Counting --> 8.3
2021-09-20 02:10:03,110 DEBUG [-] e.m.Application:22 - The Second Mother --> 7.8
2021-09-20 02:10:03,122 DEBUG [-] e.m.Application:25 - Savva. Heart of the Warrior --> -30000000
2021-09-20 02:10:03,122 DEBUG [-] e.m.Application:25 - Wild Card --> -30000000
2021-09-20 02:10:03,122 DEBUG [-] e.m.Application:25 - Blackhat --> -52247060
2021-09-20 02:10:03,122 DEBUG [-] e.m.Application:25 - Mortdecai --> -29581440
2021-09-20 02:10:03,122 DEBUG [-] e.m.Application:25 - The Ridiculous 6 --> -60000000
2021-09-20 02:10:03,122 DEBUG [-] e.m.Application:25 - Child 44 --> -46675670
2021-09-20 02:10:03,122 DEBUG [-] e.m.Application:25 - The Gunman --> -26355708
2021-09-20 02:10:03,123 DEBUG [-] e.m.Application:25 - Accidental Love --> -26000000
2021-09-20 02:10:03,124 DEBUG [-] e.m.Application:25 - The Lovers --> -27000000
2021-09-20 02:10:03,124 DEBUG [-] e.m.Application:25 - Pan --> -21611680
2021-09-20 02:38:33,103 DEBUG [-] e.m.Application:22 - Sardaarji --> 9.5
2021-09-20 02:38:33,109 DEBUG [-] e.m.Application:22 - Karachi se Lahore --> 8.0
2021-09-20 02:38:33,109 DEBUG [-] e.m.Application:22 - Me You and Five Bucks --> 10.0
2021-09-20 02:38:33,109 DEBUG [-] e.m.Application:22 - Straight Outta Compton --> 7.7
2021-09-20 02:38:33,109 DEBUG [-] e.m.Application:22 - Inside Out --> 8.0
2021-09-20 02:38:33,109 DEBUG [-] e.m.Application:22 - Spotlight --> 7.8
2021-09-20 02:38:33,109 DEBUG [-] e.m.Application:22 - The Martian --> 7.6
2021-09-20 02:38:33,109 DEBUG [-] e.m.Application:22 - Room --> 8.1
2021-09-20 02:38:33,109 DEBUG [-] e.m.Application:22 - Counting --> 8.3
2021-09-20 02:38:33,109 DEBUG [-] e.m.Application:22 - The Second Mother --> 7.8
2021-09-20 02:38:33,121 DEBUG [-] e.m.Application:25 - Minions --> 1082730962
2021-09-20 02:38:33,121 DEBUG [-] e.m.Application:25 - Fifty Shades of Grey --> 531006128
2021-09-20 02:38:33,121 DEBUG [-] e.m.Application:25 - Avengers: Age of Ultron --> 1125403694
2021-09-20 02:38:33,121 DEBUG [-] e.m.Application:25 - Furious 7 --> 1316249360
2021-09-20 02:38:33,122 DEBUG [-] e.m.Application:25 - Inside Out --> 682611174
2021-09-20 02:38:33,122 DEBUG [-] e.m.Application:25 - The Martian --> 522161890
2021-09-20 02:38:33,122 DEBUG [-] e.m.Application:25 - Jurassic World --> 1363528810
2021-09-20 02:38:33,122 DEBUG [-] e.m.Application:25 - Mission: Impossible - Rogue Nation --> 532330139
2021-09-20 02:38:33,123 DEBUG [-] e.m.Application:25 - The Hunger Games: Mockingjay - Part 2 --> 493428261
2021-09-20 02:38:33,123 DEBUG [-] e.m.Application:25 - Spectre --> 635674609
